<?xml version="1.0" encoding="UTF-8"?>
<!-- Generated by org.testng.reporters.JUnitXMLReporter -->
<testsuite hostname="YASUs-MacBook-Pro.local" ignored="14" name="Default test" tests="1" failures="0" timestamp="14 May 2021 14:32:33 GMT" time="2.037" errors="0">
  <testcase name="deleteASpecificUserOrganizatiEntry" time="2.005" classname="AlertAware.api.test.Organizations"/>
  <testcase name="createANewUserOrganizationEntry" time="0.0" classname="AlertAware.api.test.Organizations">
    <ignored/>
  </testcase> <!-- createANewUserOrganizationEntry -->
  <testcase name="returnsAnOrganizationsDetailsOnASingleUUID" time="0.0" classname="AlertAware.api.test.Organizations">
    <ignored/>
  </testcase> <!-- returnsAnOrganizationsDetailsOnASingleUUID -->
  <testcase name="updateASpecificOrganizationDetailEntry" time="0.0" classname="AlertAware.api.test.Organizations">
    <ignored/>
  </testcase> <!-- updateASpecificOrganizationDetailEntry -->
  <testcase name="returnAllOrganizationDetailsEntries" time="0.0" classname="AlertAware.api.test.Organizations">
    <ignored/>
  </testcase> <!-- returnAllOrganizationDetailsEntries -->
  <testcase name="returnAllOrganizationsEntries" time="0.0" classname="AlertAware.api.test.Organizations">
    <ignored/>
  </testcase> <!-- returnAllOrganizationsEntries -->
  <testcase name="returnAnOrganizationBasedOnASingleUUID" time="0.0" classname="AlertAware.api.test.Organizations">
    <ignored/>
  </testcase> <!-- returnAnOrganizationBasedOnASingleUUID -->
  <testcase name="updateASpecificOrganizationEntry" time="0.0" classname="AlertAware.api.test.Organizations">
    <ignored/>
  </testcase> <!-- updateASpecificOrganizationEntry -->
  <testcase name="updateASpecificUserOrganizationEntry" time="0.0" classname="AlertAware.api.test.Organizations">
    <ignored/>
  </testcase> <!-- updateASpecificUserOrganizationEntry -->
  <testcase name="returnsAnUserOrganizationBasedOnASingleID" time="0.0" classname="AlertAware.api.test.Organizations">
    <ignored/>
  </testcase> <!-- returnsAnUserOrganizationBasedOnASingleID -->
  <testcase name="createANewOrganizationEntry" time="0.0" classname="AlertAware.api.test.Organizations">
    <ignored/>
  </testcase> <!-- createANewOrganizationEntry -->
  <testcase name="createANewOrganizationDetailEntry" time="0.0" classname="AlertAware.api.test.Organizations">
    <ignored/>
  </testcase> <!-- createANewOrganizationDetailEntry -->
  <testcase name="deleteASpecificOrganizationDetailEntry" time="0.0" classname="AlertAware.api.test.Organizations">
    <ignored/>
  </testcase> <!-- deleteASpecificOrganizationDetailEntry -->
  <testcase name="returnAllUserOrganizationEntries" time="0.0" classname="AlertAware.api.test.Organizations">
    <ignored/>
  </testcase> <!-- returnAllUserOrganizationEntries -->
  <testcase name="deleteASpecificOrganizationEntry" time="0.0" classname="AlertAware.api.test.Organizations">
    <ignored/>
  </testcase> <!-- deleteASpecificOrganizationEntry -->
</testsuite> <!-- Default test -->
