<?xml version="1.0" encoding="UTF-8"?>
<testng-results skipped="0" failed="0" ignored="0" total="1" passed="1">
  <reporter-output>
  </reporter-output>
  <suite name="Default suite" duration-ms="4787" started-at="2020-01-15T00:39:01Z" finished-at="2020-01-15T00:39:06Z">
    <groups>
    </groups>
    <test name="Default test" duration-ms="4787" started-at="2020-01-15T00:39:01Z" finished-at="2020-01-15T00:39:06Z">
      <class name="com.api.test.DELETECallAPI">
        <test-method status="PASS" signature="deleteUserAPITest()[pri:0, instance:com.api.test.DELETECallAPI@4f933fd1]" name="deleteUserAPITest" duration-ms="4719" started-at="2020-01-14T16:39:02Z" finished-at="2020-01-14T16:39:06Z">
          <reporter-output>
          </reporter-output>
        </test-method> <!-- deleteUserAPITest -->
      </class> <!-- com.api.test.DELETECallAPI -->
    </test> <!-- Default test -->
  </suite> <!-- Default suite -->
</testng-results>
